<?xml version="1.0" encoding="UTF-8"?>
<!-- Generated by org.testng.reporters.JUnitReportReporter -->
<testsuite hostname="ARYAN" failures="0" tests="2" name="mod3.TA.TestNGAssertions" time="9.917" errors="0" timestamp="2022-04-06T20:05:47 IST" skipped="0">
  <testcase classname="mod3.TA.TestNGAssertions" name="searchOne" time="5.376"/>
  <system-out/>
  <testcase classname="mod3.TA.TestNGAssertions" name="SearchTwo" time="4.541"/>
  <system-out/>
</testsuite> <!-- mod3.TA.TestNGAssertions -->
