<?xml version="1.0" encoding="UTF-8"?>
<!-- Generated by org.testng.reporters.JUnitReportReporter -->
<testsuite hostname="ARYAN" failures="0" tests="2" name="mod3.TA.TestNGAssertions" time="10.240" errors="0" timestamp="2022-04-06T22:38:34 IST" skipped="0">
  <testcase classname="mod3.TA.TestNGAssertions" name="searchOne" time="7.153"/>
  <system-out/>
  <testcase classname="mod3.TA.TestNGAssertions" name="SearchTwo" time="3.087"/>
  <system-out/>
</testsuite> <!-- mod3.TA.TestNGAssertions -->
