<?xml version="1.0" encoding="UTF-8"?>
<!-- Generated by org.testng.reporters.JUnitReportReporter -->
<testsuite hostname="ARYAN" failures="0" tests="1" name="mod3.TA.TestNGRegistration" time="5.306" errors="0" timestamp="2022-04-06T20:05:47 IST" skipped="0">
  <testcase classname="mod3.TA.TestNGRegistration" name="SignUp" time="5.306"/>
  <system-out/>
</testsuite> <!-- mod3.TA.TestNGRegistration -->
