<?xml version="1.0" encoding="UTF-8"?>
<!-- Generated by org.testng.reporters.JUnitReportReporter -->
<testsuite hostname="ARYAN" failures="0" tests="1" name="mod3.TA.TestNGSearchOne" time="7.695" errors="0" timestamp="2022-04-06T22:38:34 IST" skipped="0">
  <testcase classname="mod3.TA.TestNGSearchOne" name="searchOne" time="7.695"/>
  <system-out/>
</testsuite> <!-- mod3.TA.TestNGSearchOne -->
