<?xml version="1.0" encoding="UTF-8"?>
<!-- Generated by org.testng.reporters.JUnitReportReporter -->
<testsuite hostname="ARYAN" failures="0" tests="1" name="mod3.TA.TestNGSearchTwo" time="7.170" errors="0" timestamp="2022-04-04T14:31:19 IST" skipped="0">
  <testcase classname="mod3.TA.TestNGSearchTwo" name="SearchTwo" time="7.170"/>
  <system-out/>
</testsuite> <!-- mod3.TA.TestNGSearchTwo -->
