<?xml version="1.0" encoding="UTF-8"?>
<!-- Generated by org.testng.reporters.JUnitReportReporter -->
<testsuite hostname="ARYAN" failures="0" tests="1" name="mod3.TA.TestNGSearchTwo" time="4.887" errors="0" timestamp="2022-04-06T22:38:34 IST" skipped="0">
  <testcase classname="mod3.TA.TestNGSearchTwo" name="SearchTwo" time="4.887"/>
  <system-out/>
</testsuite> <!-- mod3.TA.TestNGSearchTwo -->
