<?xml version="1.0" encoding="UTF-8"?>
<!-- Generated by org.testng.reporters.JUnitReportReporter -->
<testsuite hostname="ARYAN" failures="0" tests="4" name="mod1.TA.LoginDataProvider" time="0.047" errors="0" timestamp="2022-04-04T14:31:19 IST" skipped="0">
  <testcase classname="mod1.TA.LoginDataProvider" name="login" time="0.024"/>
  <system-out/>
  <testcase classname="mod1.TA.LoginDataProvider" name="login" time="0.010"/>
  <system-out/>
  <testcase classname="mod1.TA.LoginDataProvider" name="login" time="0.004"/>
  <system-out/>
  <testcase classname="mod1.TA.LoginDataProvider" name="login" time="0.009"/>
  <system-out/>
</testsuite> <!-- mod1.TA.LoginDataProvider -->
