<?xml version="1.0" encoding="UTF-8"?>
<!-- Generated by org.testng.reporters.JUnitReportReporter -->
<testsuite hostname="ARYAN" failures="0" tests="1" name="mod4.TA.ProjectJenkins" time="0.047" errors="0" timestamp="2022-04-06T20:05:47 IST" skipped="0">
  <testcase classname="mod4.TA.ProjectJenkins" name="jenkinsTest" time="0.047"/>
  <system-out/>
</testsuite> <!-- mod4.TA.ProjectJenkins -->
