<?xml version="1.0" encoding="UTF-8"?>
<!-- Generated by org.testng.reporters.JUnitReportReporter -->
<testsuite hostname="ARYAN" failures="0" tests="5" name="mod1.TA.ProjectExtentReports" time="6.530" errors="0" timestamp="2022-04-06T18:53:58 IST" skipped="0">
  <testcase classname="mod1.TA.ProjectExtentReports" name="verifyingTitle" time="0.062"/>
  <system-out/>
  <testcase classname="mod1.TA.ProjectExtentReports" name="goToValorant" time="4.677"/>
  <system-out/>
  <testcase classname="mod1.TA.ProjectExtentReports" name="clickOnSign" time="1.472"/>
  <system-out/>
  <testcase classname="mod1.TA.ProjectExtentReports" name="enterYourLoginName" time="0.130"/>
  <system-out/>
  <testcase classname="mod1.TA.ProjectExtentReports" name="pressContinueAfterLoginNameIsEntered" time="0.189"/>
  <system-out/>
</testsuite> <!-- mod1.TA.ProjectExtentReports -->
