<?xml version="1.0" encoding="UTF-8"?>
<!-- Generated by org.testng.reporters.JUnitReportReporter -->
<testsuite hostname="ARYAN" failures="0" tests="4" name="mod1.TA.LoginDataProvider" time="0.035" errors="0" timestamp="2022-04-06T22:38:34 IST" skipped="0">
  <testcase classname="mod1.TA.LoginDataProvider" name="login" time="0.005"/>
  <system-out/>
  <testcase classname="mod1.TA.LoginDataProvider" name="login" time="0.011"/>
  <system-out/>
  <testcase classname="mod1.TA.LoginDataProvider" name="login" time="0.001"/>
  <system-out/>
  <testcase classname="mod1.TA.LoginDataProvider" name="login" time="0.018"/>
  <system-out/>
</testsuite> <!-- mod1.TA.LoginDataProvider -->
