<?xml version="1.0" encoding="UTF-8"?>
<!-- Generated by org.testng.reporters.JUnitReportReporter -->
<testsuite hostname="ARYAN" failures="0" tests="1" name="mod2.TA.ProjectLoggerTest" time="5.431" errors="0" timestamp="2022-04-04T14:31:19 IST" skipped="0">
  <testcase classname="mod2.TA.ProjectLoggerTest" name="logSample" time="5.431"/>
  <system-out>
    <![CDATA[Browser Is Now Opened
Browser Is Now Maximized
liquipedia.com Is Now Opened
Browser Is Now Closed]]>
  </system-out>
</testsuite> <!-- mod2.TA.ProjectLoggerTest -->
