<?xml version="1.0" encoding="UTF-8"?>
<!-- Generated by org.testng.reporters.JUnitReportReporter -->
<testsuite hostname="ARYAN" failures="0" tests="4" name="mod1.TA.LoginDataProvider" time="0.010" errors="0" timestamp="2022-04-06T18:53:58 IST" skipped="0">
  <testcase classname="mod1.TA.LoginDataProvider" name="login" time="0.001"/>
  <system-out/>
  <testcase classname="mod1.TA.LoginDataProvider" name="login" time="0.002"/>
  <system-out/>
  <testcase classname="mod1.TA.LoginDataProvider" name="login" time="0.003"/>
  <system-out/>
  <testcase classname="mod1.TA.LoginDataProvider" name="login" time="0.004"/>
  <system-out/>
</testsuite> <!-- mod1.TA.LoginDataProvider -->
