<?xml version="1.0" encoding="UTF-8"?>
<!-- Generated by org.testng.reporters.JUnitReportReporter -->
<testsuite hostname="ARYAN" failures="0" tests="5" name="mod1.TA.ProjectExtentReports" time="6.889" errors="0" timestamp="2022-04-06T22:38:34 IST" skipped="0">
  <testcase classname="mod1.TA.ProjectExtentReports" name="verifyingTitle" time="0.035"/>
  <system-out/>
  <testcase classname="mod1.TA.ProjectExtentReports" name="goToValorant" time="5.223"/>
  <system-out/>
  <testcase classname="mod1.TA.ProjectExtentReports" name="clickOnSign" time="1.378"/>
  <system-out/>
  <testcase classname="mod1.TA.ProjectExtentReports" name="enterYourLoginName" time="0.119"/>
  <system-out/>
  <testcase classname="mod1.TA.ProjectExtentReports" name="pressContinueAfterLoginNameIsEntered" time="0.134"/>
  <system-out/>
</testsuite> <!-- mod1.TA.ProjectExtentReports -->
