<?xml version="1.0" encoding="UTF-8"?>
<!-- Generated by org.testng.reporters.JUnitReportReporter -->
<testsuite hostname="ARYAN" failures="0" tests="1" name="mod3.TA.TestNGLogin" time="10.857" errors="0" timestamp="2022-04-04T14:31:19 IST" skipped="0">
  <testcase classname="mod3.TA.TestNGLogin" name="Login" time="10.857"/>
  <system-out/>
</testsuite> <!-- mod3.TA.TestNGLogin -->
