<?xml version="1.0" encoding="UTF-8"?>
<!-- Generated by org.testng.reporters.JUnitReportReporter -->
<testsuite hostname="ARYAN" failures="0" tests="5" name="mod1.TA.ProjectExtentReports" time="5.322" errors="0" timestamp="2022-04-06T20:05:47 IST" skipped="0">
  <testcase classname="mod1.TA.ProjectExtentReports" name="verifyingTitle" time="0.015"/>
  <system-out/>
  <testcase classname="mod1.TA.ProjectExtentReports" name="goToValorant" time="3.698"/>
  <system-out/>
  <testcase classname="mod1.TA.ProjectExtentReports" name="clickOnSign" time="1.354"/>
  <system-out/>
  <testcase classname="mod1.TA.ProjectExtentReports" name="enterYourLoginName" time="0.117"/>
  <system-out/>
  <testcase classname="mod1.TA.ProjectExtentReports" name="pressContinueAfterLoginNameIsEntered" time="0.138"/>
  <system-out/>
</testsuite> <!-- mod1.TA.ProjectExtentReports -->
