<?xml version="1.0" encoding="UTF-8"?>
<!-- Generated by org.testng.reporters.JUnitReportReporter -->
<testsuite hostname="ARYAN" failures="0" tests="1" name="mod3.TA.TestNGSearchOne" time="5.415" errors="0" timestamp="2022-04-06T20:05:47 IST" skipped="0">
  <testcase classname="mod3.TA.TestNGSearchOne" name="searchOne" time="5.415"/>
  <system-out/>
</testsuite> <!-- mod3.TA.TestNGSearchOne -->
