<?xml version="1.0" encoding="UTF-8"?>
<!-- Generated by org.testng.reporters.JUnitReportReporter -->
<testsuite hostname="ARYAN" failures="0" tests="5" name="mod1.TA.ProjectExtentReports" time="6.086" errors="0" timestamp="2022-04-04T14:45:46 IST" skipped="0">
  <testcase classname="mod1.TA.ProjectExtentReports" name="verifyingTitle" time="0.015"/>
  <system-out/>
  <testcase classname="mod1.TA.ProjectExtentReports" name="goToValorant" time="4.235"/>
  <system-out/>
  <testcase classname="mod1.TA.ProjectExtentReports" name="clickOnSign" time="1.659"/>
  <system-out/>
  <testcase classname="mod1.TA.ProjectExtentReports" name="enterYourLoginName" time="0.081"/>
  <system-out/>
  <testcase classname="mod1.TA.ProjectExtentReports" name="pressContinueAfterLoginNameIsEntered" time="0.096"/>
  <system-out/>
</testsuite> <!-- mod1.TA.ProjectExtentReports -->
